生成启动时间为 2017/11/17 18:34:27。
     1>项目“C:\Users\Administrator\documents\visual studio 2013\Projects\C结构物\C结构物\C结构物.vcxproj”在节点 2 上(Build 个目标)。
     1>ClCompile:
         D:\Microsoft Visual Studio 12.0\VC\bin\CL.exe /c /ZI /nologo /W3 /WX- /sdl /Od /Oy- /D _UNICODE /D UNICODE /Gm /EHsc /RTC1 /MDd /GS /fp:precise /Zc:wchar_t /Zc:forScope /Fo"Debug\\" /Fd"Debug\vc120.pdb" /Gd /TP /analyze- /errorReport:prompt "引用内部函数绑定机制.cpp"
         引用内部函数绑定机制.cpp
     1>c:\users\administrator\documents\visual studio 2013\projects\c结构物\c结构物\引用内部函数绑定机制.cpp : warning C4819: 该文件包含不能在当前代码页(936)中表示的字符。请将该文件保存为 Unicode 格式以防止数据丢失
       Link:
         D:\Microsoft Visual Studio 12.0\VC\bin\link.exe /ERRORREPORT:PROMPT /OUT:"C:\Users\Administrator\documents\visual studio 2013\Projects\C结构物\Debug\C结构物.exe" /INCREMENTAL /NOLOGO kernel32.lib user32.lib gdi32.lib winspool.lib comdlg32.lib advapi32.lib shell32.lib ole32.lib oleaut32.lib uuid.lib odbc32.lib odbccp32.lib /MANIFEST /MANIFESTUAC:"level='asInvoker' uiAccess='false'" /manifest:embed /DEBUG /PDB:"C:\Users\Administrator\documents\visual studio 2013\Projects\C结构物\Debug\C结构物.pdb" /TLBID:1 /DYNAMICBASE /NXCOMPAT /IMPLIB:"C:\Users\Administrator\documents\visual studio 2013\Projects\C结构物\Debug\C结构物.lib" /MACHINE:X86 "Debug\bool变量.obj"
         Debug\Cstruct.obj
         Debug\lambda.obj
         Debug\new.obj
         "Debug\函数包装器管理内嵌函数.obj"
         "Debug\多元数组.obj"
         "Debug\宽字符.obj"
         "Debug\引用.obj"
         "Debug\引用内部函数绑定机制.obj"
         "Debug\引用包装器.obj"
         "Debug\模板重载.obj"
         "Debug\通用函数可变参数模板.obj"
         "Debug\高级数据.obj"
         C结构物.vcxproj -> C:\Users\Administrator\documents\visual studio 2013\Projects\C结构物\Debug\C结构物.exe
     1>已完成生成项目“C:\Users\Administrator\documents\visual studio 2013\Projects\C结构物\C结构物\C结构物.vcxproj”(Build 个目标)的操作。

生成成功。

已用时间 00:00:00.61
